make all --print-data-base --no-builtin-variables --no-builtin-rules --question
# GNU Make 4.2.1
# Built for x86_64-pc-linux-gnu
# Copyright (C) 1988-2016 Free Software Foundation, Inc.
# License GPLv3+: GNU GPL version 3 or later <http://gnu.org/licenses/gpl.html>
# This is free software: you are free to change and redistribute it.
# There is NO WARRANTY, to the extent permitted by law.
 

# Make data base, printed on Wed Jun 29 14:04:00 2022

# Variables

# automatic
<D = $(patsubst %/,%,$(dir $<))
# automatic
?F = $(notdir $?)
# default
.SHELLFLAGS := -c
# makefile (from 'makefile', line 8)
OBJ = $(patsubst %.cpp,$(OBJ_PATH)%.o,$(SOURCE))
# environment
XDG_SESSION_CLASS = user
# environment
VSCODE_AGENT_FOLDER = /root/.vscode-server
# environment
XDG_SESSION_TYPE = tty
# environment
VSCODE_LOG_NATIVE = false
# automatic
?D = $(patsubst %/,%,$(dir $?))
# automatic
@D = $(patsubst %/,%,$(dir $@))
# automatic
@F = $(notdir $@)
# default
MAKE_VERSION := 4.2.1
# makefile
CURDIR := /root/SecondFileSystem-MultiUser
# makefile
SHELL = /bin/sh
# environment
VSCODE_NLS_CONFIG = {"locale":"zh-cn","availableLanguages":{}}
# environment
_ = /root/.vscode-server/bin/30d9c6cd9483b2cc586687151bcbcd635f373630/node
# makefile (from 'makefile', line 1)
MAKEFILE_LIST :=  makefile
# 'override' directive
GNUMAKEFLAGS := 
# environment
VSCODE_VERBOSE_LOGGING = true
# environment
LESSOPEN = | /usr/bin/lesspipe %s
# environment
VSCODE_CWD = /root
# environment
SSH_CONNECTION = 140.243.175.209 12168 172.17.188.126 22
# environment
PATH = /root/.vscode-server/bin/30d9c6cd9483b2cc586687151bcbcd635f373630/bin/remote-cli:/usr/local/sbin:/usr/local/bin:/usr/sbin:/usr/bin:/sbin:/bin:/usr/games:/usr/local/games:/snap/bin
# environment
XDG_RUNTIME_DIR = /run/user/0
# environment
VSCODE_LOG_STACK = false
# environment
VSCODE_IPC_HOOK_CLI = /run/user/0/vscode-ipc-2dd1866b-e478-4faf-9984-01661e129cb7.sock
# default
.FEATURES := target-specific order-only second-expansion else-if shortest-stem undefine oneshell archives jobserver output-sync check-symlink load
# environment
LS_COLORS = 
# automatic
%F = $(notdir $%)
# environment
VSCODE_PIPE_LOGGING = true
# environment
PWD = /root/SecondFileSystem-MultiUser
# default
.LOADED := 
# automatic
*D = $(patsubst %/,%,$(dir $*))
# environment
VSCODE_AMD_ENTRYPOINT = vs/workbench/api/node/extensionHostProcess
# environment
HOME = /root
# environment
LESSCLOSE = /usr/bin/lesspipe %s %s
# makefile (from 'makefile', line 11)
TAR = secondFileSystem
# environment
LOGNAME = root
# environment
APPLICATION_INSIGHTS_NO_DIAGNOSTIC_CHANNEL = 1
# automatic
+F = $(notdir $+)
# makefile (from 'makefile', line 4)
CFLAG = -c -Wall  -fpermissive
# environment
VSCODE_HANDLES_UNCAUGHT_ERRORS = true
# automatic
^D = $(patsubst %/,%,$(dir $^))
# environment
MAKELEVEL := 0
# default
MAKE = $(MAKE_COMMAND)
# default
MAKECMDGOALS := all
# environment
SHLVL = 0
# makefile (from 'makefile', line 3)
CC = g++ -g
# makefile (from 'makefile', line 7)
SOURCE = $(wildcard *.cpp)
# environment
XDG_SESSION_ID = 1269
# environment
USER = root
# makefile
.DEFAULT_GOAL := all
# makefile (from 'makefile', line 6)
OBJ_PATH = ./objs/
# automatic
%D = $(patsubst %/,%,$(dir $%))
# default
MAKE_COMMAND := make
# default
.VARIABLES := 
# automatic
*F = $(notdir $*)
# makefile
MAKEFLAGS = pqrR
# environment
MFLAGS = -pqrR
# environment
SSH_CLIENT = 140.243.175.209 12168 22
# automatic
+D = $(patsubst %/,%,$(dir $+))
# environment
BROWSER = /root/.vscode-server/bin/30d9c6cd9483b2cc586687151bcbcd635f373630/bin/helpers/browser.sh
# environment
VSCODE_HANDLES_SIGPIPE = true
# default
MAKEFILES := 
# automatic
<F = $(notdir $<)
# environment
LC_ALL = C
# makefile (from 'makefile', line 10)
HEADER = $(wildcard $(INC_PATH)*.h)
# automatic
^F = $(notdir $^)
# default
SUFFIXES := 
# default
.INCLUDE_DIRS = /usr/include /usr/local/include /usr/include
# default
.RECIPEPREFIX := 
# makefile (from 'makefile', line 5)
INC_PATH = ./include/
# default
MAKE_HOST := x86_64-pc-linux-gnu
# environment
LANG = C
# environment
VSCODE_EXTHOST_WILL_SEND_SOCKET = true
# environment
MOTD_SHOWN = pam
# variable set hash-table stats:
# Load=76/1024=7%, Rehash=0, Collisions=11/112=10%

# Pattern-specific Variable Values

# No pattern-specific variable values.

# Directories

# ./include (device 64513, inode 1443213): 13 files, no impossibilities.
# . (device 64513, inode 1442886): 27 files, no impossibilities.

# 40 files, no impossibilities in 2 directories.

# Implicit Rules

# No implicit rules.

# Files

# Not a target:
include/UserManager.h:
#  Implicit rule search has been done.
#  Last modified 2022-06-29 09:02:50.68032107
#  File has been updated.
#  Successfully updated.

# Not a target:
File.cpp:
#  Implicit rule search has been done.
#  Last modified 2022-06-28 17:46:09.115407301
#  File has been updated.
#  Successfully updated.

# Not a target:
include/SecondFileKernel.h:
 
#  Implicit rule search has been done.
#  Last modified 2022-06-29 01:10:57.549353988
#  File has been updated.
#  Successfully updated.

# Not a target:
include/File.h:
#  Implicit rule search has been done.
#  Last modified 2022-06-28 17:46:09.123407371
#  File has been updated.
#  Successfully updated.

all: secondFileSystem
#  Phony target (prerequisite of .PHONY).
#  Command line target.
#  Implicit rule search has not been done.
#  File does not exist.
#  File has been updated.
#  Successfully updated.
#  recipe to execute (from 'makefile', line 14):
	

# Not a target:
BufferManager.cpp:
#  Implicit rule search has been done.
#  Last modified 2022-06-29 01:42:25.685496983
#  File has been updated.
#  Successfully updated.

.PHONY: all clean
#  Implicit rule search has not been done.
#  Modification time never checked.
#  File has not been updated.

# Not a target:
include/INode.h:
#  Implicit rule search has been done.
#  Last modified 2022-06-28 17:46:09.123407371
#  File has been updated.
#  Successfully updated.

# Not a target:
FileManager.cpp:
#  Implicit rule search has been done.
#  Last modified 2022-06-28 17:46:09.115407301
#  File has been updated.
#  Successfully updated.

objs/main_multi.o: main_multi.cpp include/Buf.h include/UserManager.h include/File.h include/INode.h include/FileManager.h include/Machine.h include/BufferManager.h include/OpenFileManager.h include/SecondFileKernel.h include/FileSystem.h include/User.h
#  Implicit rule search has not been done.
#  Implicit/static pattern stem: 'main_multi'
#  Last modified 2022-06-29 10:43:55.320469786
#  File has been updated.
#  Successfully updated.
#  recipe to execute (from 'makefile', line 22):
	$(CC) $(CFLAG) -I$(INC_PATH) -o $@ $<

# Not a target:
include/FileManager.h:
#  Implicit rule search has been done.
#  Last modified 2022-06-28 17:46:09.123407371
#  File has been updated.
#  Successfully updated.

objs/OpenFileManager.o: OpenFileManager.cpp include/Buf.h include/UserManager.h include/File.h include/INode.h include/FileManager.h include/Machine.h include/BufferManager.h include/OpenFileManager.h include/SecondFileKernel.h include/FileSystem.h include/User.h
#  Implicit rule search has not been done.
#  Implicit/static pattern stem: 'OpenFileManager'
#  Last modified 2022-06-29 09:25:21.791920622
#  File has been updated.
#  Successfully updated.
#  recipe to execute (from 'makefile', line 22):
	$(CC) $(CFLAG) -I$(INC_PATH) -o $@ $<

# Not a target:
User.cpp:
#  Implicit rule search has been done.
#  Last modified 2022-06-28 17:46:09.119407336
#  File has been updated.
#  Successfully updated.

objs/FileSystem.o: FileSystem.cpp include/Buf.h include/UserManager.h include/File.h include/INode.h include/FileManager.h include/Machine.h include/BufferManager.h include/OpenFileManager.h include/SecondFileKernel.h include/FileSystem.h include/User.h
#  Implicit rule search has not been done.
#  Implicit/static pattern stem: 'FileSystem'
#  Last modified 2022-06-29 09:25:23.151932316
#  File has been updated.
#  Successfully updated.
#  recipe to execute (from 'makefile', line 22):
	$(CC) $(CFLAG) -I$(INC_PATH) -o $@ $<

# Not a target:
makefile:
#  Implicit rule search has been done.
#  Last modified 2022-06-28 17:46:09.127407406
#  File has been updated.
#  Successfully updated.

# Not a target:
include/Buf.h:
#  Implicit rule search has been done.
#  Last modified 2022-06-28 17:46:09.123407371
#  File has been updated.
#  Successfully updated.

# Not a target:
include/BufferManager.h:
#  Implicit rule search has been done.
#  Last modified 2022-06-28 17:46:09.123407371
#  File has been updated.
#  Successfully updated.

# Not a target:
UserManager.cpp:
#  Implicit rule search has been done.
#  Last modified 2022-06-29 10:20:43.932500345
#  File has been updated.
#  Successfully updated.
 

objs/Machine.o: Machine.cpp include/Buf.h include/UserManager.h include/File.h include/INode.h include/FileManager.h include/Machine.h include/BufferManager.h include/OpenFileManager.h include/SecondFileKernel.h include/FileSystem.h include/User.h
#  Implicit rule search has not been done.
#  Implicit/static pattern stem: 'Machine'
#  Last modified 2022-06-29 09:25:26.155958145
#  File has been updated.
#  Successfully updated.
#  recipe to execute (from 'makefile', line 22):
	$(CC) $(CFLAG) -I$(INC_PATH) -o $@ $<

# Not a target:
main_multi.cpp:
#  Implicit rule search has been done.
#  Last modified 2022-06-29 10:43:44.812379408
#  File has been updated.
#  Successfully updated.

secondFileSystem: objs/SecondFileKernel.o objs/main_multi.o objs/OpenFileManager.o objs/SecondFileKernelAPI.o objs/BufferManager.o objs/FileSystem.o objs/User.o objs/UserManager.o objs/FileManager.o objs/File.o objs/INode.o objs/Machine.o
#  Implicit rule search has not been done.
#  Last modified 2022-06-29 10:43:55.416470611
#  File has been updated.
#  Successfully updated.
#  recipe to execute (from 'makefile', line 17):
	$(CC) -I$(INC_PATH) -o $@  $^  -lpthread

objs/User.o: User.cpp include/Buf.h include/UserManager.h include/File.h include/INode.h include/FileManager.h include/Machine.h include/BufferManager.h include/OpenFileManager.h include/SecondFileKernel.h include/FileSystem.h include/User.h
#  Implicit rule search has not been done.
#  Implicit/static pattern stem: 'User'
#  Last modified 2022-06-29 09:25:23.587936064
#  File has been updated.
#  Successfully updated.
#  recipe to execute (from 'makefile', line 22):
	$(CC) $(CFLAG) -I$(INC_PATH) -o $@ $<

# Not a target:
INode.cpp:
#  Implicit rule search has been done.
#  Last modified 2022-06-28 17:46:09.119407336
#  File has been updated.
#  Successfully updated.

# Not a target:
SecondFileKernel.cpp:
#  Implicit rule search has been done.
#  Last modified 2022-06-29 01:56:32.680780725
#  File has been updated.
#  Successfully updated.

# Not a target:
.DEFAULT:
#  Implicit rule search has not been done.
#  Modification time never checked.
#  File has not been updated.

objs/UserManager.o: UserManager.cpp include/Buf.h include/UserManager.h include/File.h include/INode.h include/FileManager.h include/Machine.h include/BufferManager.h include/OpenFileManager.h include/SecondFileKernel.h include/FileSystem.h include/User.h
#  Implicit rule search has not been done.
#  Implicit/static pattern stem: 'UserManager'
#  Last modified 2022-06-29 10:23:46.162068299
#  File has been updated.
#  Successfully updated.
#  recipe to execute (from 'makefile', line 22):
	$(CC) $(CFLAG) -I$(INC_PATH) -o $@ $<

# Not a target:
OpenFileManager.cpp:
#  Implicit rule search has been done.
#  Last modified 2022-06-28 17:46:09.119407336
#  File has been updated.
#  Successfully updated.

objs/SecondFileKernel.o: SecondFileKernel.cpp include/Buf.h include/UserManager.h include/File.h include/INode.h include/FileManager.h include/Machine.h include/BufferManager.h include/OpenFileManager.h include/SecondFileKernel.h include/FileSystem.h include/User.h
#  Implicit rule search has not been done.
#  Implicit/static pattern stem: 'SecondFileKernel'
#  Last modified 2022-06-29 09:25:20.52390972
#  File has been updated.
#  Successfully updated.
#  recipe to execute (from 'makefile', line 22):
	$(CC) $(CFLAG) -I$(INC_PATH) -o $@ $<

clean:
#  Phony target (prerequisite of .PHONY).
#  Implicit rule search has not been done.
#  File does not exist.
#  File has not been updated.
#  recipe to execute (from 'makefile', line 25):
	rm -f $(TAR) $(OBJ)

objs/File.o: File.cpp include/Buf.h include/UserManager.h include/File.h include/INode.h include/FileManager.h include/Machine.h include/BufferManager.h include/OpenFileManager.h include/SecondFileKernel.h include/FileSystem.h include/User.h
#  Implicit rule search has not been done.
#  Implicit/static pattern stem: 'File'
#  Last modified 2022-06-29 09:25:25.171949684
#  File has been updated.
#  Successfully updated.
#  recipe to execute (from 'makefile', line 22):
	$(CC) $(CFLAG) -I$(INC_PATH) -o $@ $<

# Not a target:
FileSystem.cpp:
#  Implicit rule search has been done.
#  Last modified 2022-06-28 17:46:09.115407301
#  File has been updated.
#  Successfully updated.

# Not a target:
include/OpenFileManager.h:
#  Implicit rule search has been done.
#  Last modified 2022-06-28 17:46:09.127407406
#  File has been updated.
#  Successfully updated.

objs/INode.o: INode.cpp include/Buf.h include/UserManager.h include/File.h include/INode.h include/FileManager.h include/Machine.h include/BufferManager.h include/OpenFileManager.h include/SecondFileKernel.h include/FileSystem.h include/User.h
#  Implicit rule search has not been done.
#  Implicit/static pattern stem: 'INode'
 
#  Last modified 2022-06-29 09:25:25.679954052
#  File has been updated.
#  Successfully updated.
#  recipe to execute (from 'makefile', line 22):
	$(CC) $(CFLAG) -I$(INC_PATH) -o $@ $<

# Not a target:
include/FileSystem.h:
#  Implicit rule search has been done.
#  Last modified 2022-06-28 17:46:09.123407371
#  File has been updated.
#  Successfully updated.

# Not a target:
Machine.cpp:
#  Implicit rule search has been done.
#  Last modified 2022-06-28 17:46:09.119407336
#  File has been updated.
#  Successfully updated.

objs/FileManager.o: FileManager.cpp include/Buf.h include/UserManager.h include/File.h include/INode.h include/FileManager.h include/Machine.h include/BufferManager.h include/OpenFileManager.h include/SecondFileKernel.h include/FileSystem.h include/User.h
#  Implicit rule search has not been done.
#  Implicit/static pattern stem: 'FileManager'
#  Last modified 2022-06-29 09:25:24.651945213
#  File has been updated.
#  Successfully updated.
#  recipe to execute (from 'makefile', line 22):
	$(CC) $(CFLAG) -I$(INC_PATH) -o $@ $<

# Not a target:
SecondFileKernelAPI.cpp:
#  Implicit rule search has been done.
#  Last modified 2022-06-29 10:07:42.665777519
#  File has been updated.
#  Successfully updated.

# Not a target:
include/Machine.h:
#  Implicit rule search has been done.
#  Last modified 2022-06-28 17:46:09.123407371
#  File has been updated.
#  Successfully updated.

# Not a target:
include/User.h:
#  Implicit rule search has been done.
#  Last modified 2022-06-28 17:46:09.127407406
#  File has been updated.
#  Successfully updated.

objs/SecondFileKernelAPI.o: SecondFileKernelAPI.cpp include/Buf.h include/UserManager.h include/File.h include/INode.h include/FileManager.h include/Machine.h include/BufferManager.h include/OpenFileManager.h include/SecondFileKernel.h include/FileSystem.h include/User.h
#  Implicit rule search has not been done.
#  Implicit/static pattern stem: 'SecondFileKernelAPI'
#  Last modified 2022-06-29 10:23:45.586063343
#  File has been updated.
#  Successfully updated.
#  recipe to execute (from 'makefile', line 22):
	$(CC) $(CFLAG) -I$(INC_PATH) -o $@ $<

objs/BufferManager.o: BufferManager.cpp include/Buf.h include/UserManager.h include/File.h include/INode.h include/FileManager.h include/Machine.h include/BufferManager.h include/OpenFileManager.h include/SecondFileKernel.h include/FileSystem.h include/User.h
#  Implicit rule search has not been done.
#  Implicit/static pattern stem: 'BufferManager'
#  Last modified 2022-06-29 09:25:22.699928429
#  File has been updated.
#  Successfully updated.
#  recipe to execute (from 'makefile', line 22):
	$(CC) $(CFLAG) -I$(INC_PATH) -o $@ $<

# files hash-table stats:
# Load=42/1024=4%, Rehash=0, Collisions=0/226=0%
# VPATH Search Paths

# No 'vpath' search paths.

# No general ('VPATH' variable) search path.

# strcache buffers: 1 (0) / strings = 83 / storage = 1103 B / avg = 13 B
# current buf: size = 8162 B / used = 1103 B / count = 83 / avg = 13 B

# strcache performance: lookups = 134 / hit rate = 38%
# hash-table stats:
# Load=83/8192=1%, Rehash=0, Collisions=2/134=1%
# Finished Make data base on Wed Jun 29 14:04:00 2022

 
